   DEBUG -- 2017-10-25 20:19:55,677 -- INIT: IoManagerABC
   DEBUG -- 2017-10-25 20:19:55,678 -- INIT: IoManagerStock
   DEBUG -- 2017-10-25 20:36:41,184 -- INIT: IoManagerABC
   DEBUG -- 2017-10-25 20:36:41,184 -- INIT: IoManagerStock
   DEBUG -- 2017-10-25 20:37:43,251 -- INIT: IoManagerABC
   DEBUG -- 2017-10-25 20:37:43,251 -- INIT: IoManagerStock
   DEBUG -- 2017-10-25 20:38:49,727 -- INIT: IoManagerABC
   DEBUG -- 2017-10-25 20:38:49,727 -- INIT: IoManagerStock
   DEBUG -- 2017-10-25 20:43:19,571 -- INIT: IoManagerABC
   DEBUG -- 2017-10-25 20:43:19,571 -- INIT: IoManagerStock
   DEBUG -- 2017-10-25 20:43:22,708 -- _add_command: UP
   DEBUG -- 2017-10-25 20:43:24,496 -- _add_command: UP
   DEBUG -- 2017-10-25 20:43:24,669 -- _add_command: UP
   DEBUG -- 2017-10-25 20:43:24,830 -- _add_command: UP
   DEBUG -- 2017-10-25 20:43:25,015 -- _add_command: UP
   DEBUG -- 2017-10-25 20:43:25,163 -- _add_command: UP
   DEBUG -- 2017-10-25 20:43:25,298 -- _add_command: UP
   DEBUG -- 2017-10-25 20:52:11,083 -- INIT: IoManagerABC
   DEBUG -- 2017-10-25 20:52:11,084 -- INIT: IoManagerStock
   DEBUG -- 2017-10-25 20:53:11,478 -- INIT: IoManagerABC
   DEBUG -- 2017-10-25 20:53:11,478 -- INIT: IoManagerStock
   DEBUG -- 2017-10-25 20:54:42,631 -- INIT: IoManagerABC
   DEBUG -- 2017-10-25 20:54:42,631 -- INIT: IoManagerStock
   DEBUG -- 2017-10-25 20:56:04,780 -- INIT: IoManagerABC
   DEBUG -- 2017-10-25 20:56:04,780 -- INIT: IoManagerStock
   DEBUG -- 2017-10-25 20:59:09,817 -- INIT: IoManagerABC
   DEBUG -- 2017-10-25 20:59:09,817 -- INIT: IoManagerStock
   DEBUG -- 2017-10-25 20:59:17,753 -- _add_command: UL
   DEBUG -- 2017-10-25 20:59:18,346 -- _add_command: UP
   DEBUG -- 2017-10-25 20:59:20,842 -- _add_command: UR
   DEBUG -- 2017-10-25 20:59:22,326 -- _add_command: ML
   DEBUG -- 2017-10-25 20:59:23,539 -- _add_command: CT
   DEBUG -- 2017-10-25 20:59:24,406 -- _add_command: MR
   DEBUG -- 2017-10-25 20:59:26,064 -- _add_command: DL
   DEBUG -- 2017-10-25 20:59:26,460 -- _add_command: DL
   DEBUG -- 2017-10-25 20:59:27,089 -- _add_command: DN
   DEBUG -- 2017-10-25 20:59:28,092 -- _add_command: DR
   DEBUG -- 2017-10-25 20:59:28,897 -- _add_command: BL
   DEBUG -- 2017-10-25 20:59:30,639 -- _add_command: BR
   DEBUG -- 2017-10-25 20:59:31,505 -- _add_command: TL
   DEBUG -- 2017-10-25 20:59:32,174 -- _add_command: TR
   DEBUG -- 2017-10-25 20:59:33,400 -- _add_command: A2
   DEBUG -- 2017-10-25 20:59:34,946 -- _add_command: A1
   DEBUG -- 2017-10-25 20:59:36,529 -- _add_command: A4
   DEBUG -- 2017-10-25 20:59:37,246 -- _add_command: A3
   DEBUG -- 2017-10-25 20:59:48,515 -- _add_command: UL
   DEBUG -- 2017-10-25 20:59:49,553 -- _add_command: UP
   DEBUG -- 2017-10-25 20:59:50,035 -- _add_command: CT
   DEBUG -- 2017-10-25 20:59:50,901 -- _add_command: DR
   DEBUG -- 2017-10-25 20:59:51,321 -- _add_command: MR
   DEBUG -- 2017-10-25 20:59:51,729 -- _add_command: MR
   DEBUG -- 2017-10-25 20:59:52,173 -- _add_command: BL
   DEBUG -- 2017-10-25 20:59:52,716 -- _add_command: TR
   DEBUG -- 2017-10-25 20:59:53,124 -- _add_command: BR
   DEBUG -- 2017-10-25 20:59:53,693 -- _add_command: TL
   DEBUG -- 2017-10-25 21:05:13,702 -- INIT: IoManagerABC
   DEBUG -- 2017-10-25 21:05:13,702 -- INIT: IoManagerStock
   DEBUG -- 2017-10-25 21:05:17,951 -- _add_command: UL
   DEBUG -- 2017-10-25 21:05:21,494 -- _add_command: UP
   DEBUG -- 2017-10-25 21:05:23,085 -- _add_command: UR
   DEBUG -- 2017-10-25 21:05:23,849 -- _add_command: ML
   DEBUG -- 2017-10-25 21:05:24,577 -- _add_command: CT
   DEBUG -- 2017-10-25 21:05:25,021 -- _add_command: MR
   DEBUG -- 2017-10-25 21:05:27,600 -- _add_command: DL
   DEBUG -- 2017-10-25 21:05:28,439 -- _add_command: DN
   DEBUG -- 2017-10-25 21:05:28,883 -- _add_command: DR
   DEBUG -- 2017-10-25 21:05:30,166 -- _add_command: BL
   DEBUG -- 2017-10-25 21:05:31,597 -- _add_command: BR
   DEBUG -- 2017-10-25 21:05:32,732 -- _add_command: TL
   DEBUG -- 2017-10-25 21:05:33,052 -- _add_command: TL
   DEBUG -- 2017-10-25 21:05:37,061 -- _add_command: A2
   DEBUG -- 2017-10-25 21:05:38,665 -- _add_command: A1
   DEBUG -- 2017-10-25 21:05:39,936 -- _add_command: A4
   DEBUG -- 2017-10-25 21:05:40,466 -- _add_command: A3
   DEBUG -- 2017-10-25 21:05:46,918 -- _add_command: UL
   DEBUG -- 2017-10-25 21:05:47,078 -- _add_command: UL
   DEBUG -- 2017-10-25 21:05:47,239 -- _add_command: UL
   DEBUG -- 2017-10-25 21:05:47,411 -- _add_command: UL
   DEBUG -- 2017-10-25 21:05:47,596 -- _add_command: UL
   DEBUG -- 2017-10-25 21:05:47,695 -- _add_command: UL
   DEBUG -- 2017-10-25 21:05:48,016 -- _add_command: UL
   DEBUG -- 2017-10-25 21:05:48,176 -- _add_command: UL
   DEBUG -- 2017-10-25 21:05:48,410 -- _add_command: UL
   DEBUG -- 2017-10-25 21:05:49,224 -- _add_command: UP
   DEBUG -- 2017-10-25 21:05:49,582 -- _add_command: UR
   DEBUG -- 2017-10-25 21:05:50,310 -- _add_command: CT
   DEBUG -- 2017-10-25 21:05:50,964 -- _add_command: ML
   DEBUG -- 2017-10-25 21:05:51,359 -- _add_command: CT
   DEBUG -- 2017-10-25 21:05:51,692 -- _add_command: CT
   DEBUG -- 2017-10-25 21:05:52,161 -- _add_command: CT
   DEBUG -- 2017-10-25 21:05:52,555 -- _add_command: MR
   DEBUG -- 2017-10-25 21:05:54,233 -- _add_command: DL
   DEBUG -- 2017-10-25 21:05:54,615 -- _add_command: DL
   DEBUG -- 2017-10-25 21:05:55,035 -- _add_command: DN
   DEBUG -- 2017-10-25 21:05:55,417 -- _add_command: TL
   DEBUG -- 2017-10-25 21:06:21,856 -- INIT: IoManagerABC
   DEBUG -- 2017-10-25 21:06:21,856 -- INIT: IoManagerStock
